<?xml version="1.0" encoding="UTF-8"?>
<!-- Generated by org.testng.reporters.JUnitReportReporter -->
<testsuite hostname="TYSS-Shobha" failures="0" tests="1" name="pratice.CreateContactTest" time="3.495" errors="0" timestamp="2023-12-08T12:29:09 IST" skipped="0">
  <testcase classname="pratice.CreateContactTest" name="test1" time="3.495"/>
</testsuite> <!-- pratice.CreateContactTest -->
