<?xml version="1.0" encoding="UTF-8"?>
<!-- Generated by org.testng.reporters.JUnitReportReporter -->
<testsuite hostname="TYSS-Shobha" failures="0" tests="1" name="pratice.SampleTest" time="47.120" errors="0" timestamp="2023-12-08T23:04:58 IST" skipped="0">
  <testcase classname="pratice.SampleTest" name="m1Test" time="47.120"/>
</testsuite> <!-- pratice.SampleTest -->
