<?xml version="1.0" encoding="UTF-8"?>
<!-- Generated by org.testng.reporters.JUnitReportReporter -->
<testsuite hostname="TYSS-Shobha" failures="0" tests="1" name="sample.Pjct2Test" time="45.716" errors="0" timestamp="2023-12-09T07:50:50 IST" skipped="0">
  <testcase classname="sample.Pjct2Test" name="ptc2Test" time="45.716"/>
</testsuite> <!-- sample.Pjct2Test -->
